{"level":"info","message":"Hello world","timestamp":"1:54:36 PM"}
{"level":"warn","message":"Warning message","timestamp":"1:54:36 PM"}
{"level":"debug","message":"Debugging info","timestamp":"1:54:36 PM"}
{"level":"info","message":"GET request login","timestamp":"1:56:42 PM"}
{"level":"warn","message":"User already logged in, can't do login again","timestamp":"1:56:51 PM"}
{"level":"info","message":"GET request login","timestamp":"1:56:51 PM"}
{"level":"info","message":"GET request login","timestamp":"2:48:01 PM"}
{"level":"info","message":"Editing user amela","timestamp":"2:48:56 PM"}
{"level":"info","message":"Request GET logout","timestamp":"2:49:18 PM"}
{"level":"info","message":"Request GET contact","timestamp":"2:49:25 PM"}
{"level":"info","message":"GET all dogs request","timestamp":"2:49:28 PM"}
{"level":"info","message":"GET all dogs request","timestamp":"2:49:55 PM"}
{"level":"info","message":"Get dog by id 1 route","timestamp":"3:12:02 PM"}
{"level":"info","message":"Get dog by id 1 route","timestamp":"3:12:58 PM"}
{"level":"info","message":"GET all dogs request","timestamp":"3:13:01 PM"}
{"level":"info","message":"Get dog by id 1 route","timestamp":"3:13:06 PM"}
{"level":"info","message":"GET all dogs request","timestamp":"3:13:41 PM"}
{"level":"info","message":"Get dog by id 2 route","timestamp":"3:13:42 PM"}
{"level":"info","message":"GET all dogs request","timestamp":"3:13:45 PM"}
{"level":"info","message":"GET all dogs request","timestamp":"3:14:38 PM"}
{"level":"info","message":"GET all dogs request","timestamp":"3:15:22 PM"}
{"level":"info","message":"GET all dogs request","timestamp":"3:15:56 PM"}
{"level":"info","message":"Get dog by id 1 route","timestamp":"3:16:02 PM"}
{"level":"info","message":"GET all dogs request","timestamp":"3:18:20 PM"}
{"level":"info","message":"Get dog by id 1 route","timestamp":"3:18:21 PM"}
{"level":"info","message":"GET request login","timestamp":"3:18:26 PM"}
{"level":"info","message":"GET all dogs request","timestamp":"3:18:31 PM"}
{"level":"info","message":"Get dog by id 1 route","timestamp":"3:18:32 PM"}
{"level":"info","message":"User amela has adopter a dog with id 1","timestamp":"3:18:34 PM"}
{"level":"info","message":"GET all dogs request","timestamp":"3:19:02 PM"}
{"level":"info","message":"Get dog by id 1 route","timestamp":"3:19:03 PM"}
{"level":"info","message":"Request GET contact","timestamp":"3:19:14 PM"}
{"level":"warn","message":"User already logged in, can't do login again","timestamp":"3:19:28 PM"}
{"level":"info","message":"GET request login","timestamp":"3:19:28 PM"}
{"level":"info","message":"Request GET contact","timestamp":"3:19:32 PM"}
{"level":"info","message":"Request GET logout","timestamp":"3:19:33 PM"}
{"level":"info","message":"GET request login","timestamp":"3:19:34 PM"}
{"level":"info","message":"GET request login","timestamp":"3:19:41 PM"}
{"level":"info","message":"GET request REGISTER","timestamp":"3:19:44 PM"}
{"level":"info","message":"GET request REGISTER","timestamp":"3:19:52 PM"}
{"level":"info","message":"GET request REGISTER","timestamp":"3:20:07 PM"}
{"level":"info","message":"GET request REGISTER","timestamp":"3:20:15 PM"}
{"level":"warn","message":"User is not logged in, can't do logout","timestamp":"3:21:29 PM"}
{"level":"info","message":"Request GET logout","timestamp":"3:21:29 PM"}
{"level":"info","message":"GET request login","timestamp":"3:21:30 PM"}
{"level":"info","message":"GET request REGISTER","timestamp":"3:21:31 PM"}
{"level":"info","message":"GET request REGISTER","timestamp":"3:22:35 PM"}
{"level":"info","message":"Request GET contact","timestamp":"3:23:03 PM"}
{"level":"info","message":"GET request login","timestamp":"3:23:05 PM"}
{"level":"info","message":"GET request REGISTER","timestamp":"3:23:06 PM"}
{"level":"info","message":"GET request REGISTER","timestamp":"3:23:12 PM"}
{"level":"info","message":"GET request REGISTER","timestamp":"3:23:36 PM"}
{"level":"info","message":"GET request REGISTER","timestamp":"3:23:40 PM"}
{"level":"info","message":"Request GET logout","timestamp":"3:25:08 PM"}
{"level":"info","message":"GET request login","timestamp":"3:25:09 PM"}
{"level":"info","message":"GET request REGISTER","timestamp":"3:25:10 PM"}
{"level":"info","message":"GET request REGISTER","timestamp":"3:25:49 PM"}
{"level":"info","message":"GET request REGISTER","timestamp":"3:26:24 PM"}
{"level":"info","message":"GET request REGISTER","timestamp":"3:26:28 PM"}
{"level":"info","message":"GET request REGISTER","timestamp":"3:27:01 PM"}
{"level":"info","message":"GET request REGISTER","timestamp":"3:27:04 PM"}
{"level":"info","message":"GET request REGISTER","timestamp":"3:27:33 PM"}
{"level":"info","message":"GET request REGISTER","timestamp":"3:28:31 PM"}
{"level":"info","message":"GET request login","timestamp":"4:00:08 PM"}
{"level":"info","message":"GET request REGISTER","timestamp":"4:00:09 PM"}
{"level":"info","message":"GET request REGISTER","timestamp":"4:00:36 PM"}
{"level":"info","message":"GET request login","timestamp":"4:58:04 PM"}
{"level":"info","message":"GET all dogs request","timestamp":"4:58:06 PM"}
{"level":"info","message":"Get dog by id 1 route","timestamp":"4:58:12 PM"}
{"level":"info","message":"Request GET volunteer","timestamp":"4:58:18 PM"}
{"level":"info","message":"Request GET contact","timestamp":"4:58:19 PM"}
{"level":"info","message":"GET request login","timestamp":"4:58:20 PM"}
{"level":"info","message":"GET all dogs request","timestamp":"7:39:08 PM"}
{"level":"info","message":"Get dog by id 2 route","timestamp":"7:39:11 PM"}
{"level":"info","message":"GET request login","timestamp":"7:39:13 PM"}
{"level":"info","message":"GET request login","timestamp":"7:39:17 PM"}
{"level":"info","message":"GET all dogs request","timestamp":"7:39:22 PM"}
{"level":"info","message":"Get dog by id 2 route","timestamp":"7:39:23 PM"}
{"level":"info","message":"User amela has adopter a dog with id 2","timestamp":"7:39:25 PM"}
{"level":"info","message":"GET all dogs request","timestamp":"7:39:28 PM"}
{"level":"info","message":"GET all dogs request","timestamp":"7:39:46 PM"}
{"level":"info","message":"Get dog by id 3 route","timestamp":"7:39:49 PM"}
{"level":"info","message":"GET all dogs request","timestamp":"7:50:10 PM"}
{"level":"info","message":"GET request login","timestamp":"7:50:13 PM"}
{"level":"info","message":"GET request login","timestamp":"7:50:16 PM"}
{"level":"warn","message":"User is not logged in, can't view profile","timestamp":"10:09:13 PM"}
{"level":"info","message":"GET all dogs request","timestamp":"10:09:15 PM"}
{"level":"info","message":"GET request REGISTER","timestamp":"10:09:15 PM"}
{"level":"info","message":"GET request login","timestamp":"10:09:15 PM"}
{"level":"info","message":"GET request login","timestamp":"10:09:30 PM"}
{"level":"info","message":"GET all dogs request","timestamp":"10:11:04 PM"}
{"level":"info","message":"GET all dogs request","timestamp":"10:12:20 PM"}
{"level":"info","message":"GET all dogs request","timestamp":"10:13:20 PM"}
{"level":"info","message":"GET all dogs request","timestamp":"10:14:32 PM"}
{"level":"info","message":"GET all dogs request","timestamp":"10:14:37 PM"}
{"level":"info","message":"GET all dogs request","timestamp":"10:14:44 PM"}
{"level":"info","message":"GET all dogs request","timestamp":"10:15:07 PM"}
{"level":"info","message":"GET all dogs request","timestamp":"10:15:19 PM"}
{"level":"info","message":"GET all dogs request","timestamp":"10:16:18 PM"}
{"level":"info","message":"Get dog by id 4 route","timestamp":"10:16:20 PM"}
{"level":"info","message":"Get dog by id 6 route","timestamp":"10:16:26 PM"}
{"level":"info","message":"Request GET logout","timestamp":"10:16:35 PM"}
{"level":"info","message":"GET request login","timestamp":"10:16:36 PM"}
{"level":"info","message":"GET request REGISTER","timestamp":"10:16:41 PM"}
{"level":"info","message":"Editing user assadaw","timestamp":"10:17:00 PM"}
{"level":"warn","message":"No permissions to see profile","timestamp":"10:18:56 PM"}
{"level":"warn","message":"User is not logged in, can't do logout","timestamp":"10:19:42 PM"}
{"level":"info","message":"Request GET logout","timestamp":"10:19:42 PM"}
{"level":"info","message":"GET request login","timestamp":"10:19:46 PM"}
{"level":"info","message":"GET request REGISTER","timestamp":"10:19:47 PM"}
{"level":"info","message":"GET request REGISTER","timestamp":"10:20:02 PM"}
{"level":"info","message":"Editing user a","timestamp":"10:20:24 PM"}
{"level":"info","message":"Editing user a","timestamp":"10:20:59 PM"}
{"level":"info","message":"Editing user a","timestamp":"10:22:10 PM"}
{"level":"info","message":"Editing user a","timestamp":"10:22:37 PM"}
{"level":"info","message":"GET all dogs request","timestamp":"10:22:40 PM"}
{"level":"info","message":"Get dog by id 3 route","timestamp":"10:22:42 PM"}
{"level":"info","message":"User a has adopter a dog with id 3","timestamp":"10:22:44 PM"}
{"level":"info","message":"GET all dogs request","timestamp":"10:22:49 PM"}
{"level":"info","message":"GET request login","timestamp":"10:35:27 PM"}
{"level":"info","message":"Request GET contact","timestamp":"10:35:33 PM"}
{"level":"info","message":"Request GET admin panel","timestamp":"10:35:35 PM"}
{"level":"info","message":"GET request login","timestamp":"10:36:40 PM"}
{"level":"info","message":"Request GET admin panel","timestamp":"10:36:47 PM"}
{"level":"info","message":"Request GET contact","timestamp":"10:38:08 PM"}
{"level":"info","message":"GET request login","timestamp":"10:38:10 PM"}
{"level":"info","message":"Request GET admin panel","timestamp":"10:38:14 PM"}
{"level":"info","message":"Deleting user from database","timestamp":"10:38:16 PM"}
{"level":"info","message":"Request GET admin panel","timestamp":"10:38:16 PM"}
{"level":"info","message":"Request GET admin panel","timestamp":"10:39:40 PM"}
{"level":"info","message":"Request GET admin panel","timestamp":"10:39:58 PM"}
{"level":"info","message":"Request GET admin panel","timestamp":"10:40:05 PM"}
{"level":"info","message":"Request GET admin panel","timestamp":"10:40:11 PM"}
{"level":"info","message":"Request GET contact","timestamp":"10:40:15 PM"}
{"level":"info","message":"Request GET contact","timestamp":"10:40:17 PM"}
{"level":"info","message":"Request GET contact","timestamp":"10:40:29 PM"}
{"level":"info","message":"GET all dogs request","timestamp":"10:40:30 PM"}
{"level":"info","message":"Request GET admin panel","timestamp":"10:40:32 PM"}
